<?xml version="1.0" encoding="UTF-8"?>
<!-- Generated by org.testng.reporters.JUnitReportReporter -->
<testsuite hostname="DESKTOP-30NH0U4" failures="0" tests="3" name="com.ptdika.siloam.step_definitions.TestRunnerUbai" time="37.170" errors="0" timestamp="2022-09-15T16:45:14 WIB" skipped="0">
  <testcase classname="com.ptdika.siloam.step_definitions.TestRunnerUbai" name="runScenario" time="20.471"/>
  <system-out/>
  <testcase classname="com.ptdika.siloam.step_definitions.TestRunnerUbai" name="runScenario" time="15.539"/>
  <system-out/>
  <testcase classname="com.ptdika.siloam.step_definitions.TestRunnerUbai" name="runScenario" time="1.160"/>
  <system-out/>
</testsuite> <!-- com.ptdika.siloam.step_definitions.TestRunnerUbai -->
