<?xml version="1.0" encoding="UTF-8"?>
<!-- Generated by org.testng.reporters.JUnitReportReporter -->
<testsuite hostname="KSTQATester" failures="0" tests="2" name="com.ptdika.siloam.step_definitions.TestRunner" time="27.303" errors="0" timestamp="2022-09-15T17:49:28 WIB" skipped="0">
  <testcase classname="com.ptdika.siloam.step_definitions.TestRunner" name="runScenario" time="15.623"/>
  <system-out/>
  <testcase classname="com.ptdika.siloam.step_definitions.TestRunner" name="runScenario" time="11.680"/>
  <system-out/>
</testsuite> <!-- com.ptdika.siloam.step_definitions.TestRunner -->
