<?xml version="1.0" encoding="UTF-8"?>
<!-- Generated by org.testng.reporters.JUnitReportReporter -->
<testsuite hostname="DESKTOP-30NH0U4" failures="0" tests="1" name="com.ptdika.siloam.step_definitions.TestRunnerUbai" time="13.741" errors="0" timestamp="2022-09-15T01:14:16 WIB" skipped="0">
  <testcase classname="com.ptdika.siloam.step_definitions.TestRunnerUbai" name="runScenario" time="13.741"/>
  <system-out/>
</testsuite> <!-- com.ptdika.siloam.step_definitions.TestRunnerUbai -->
