<?xml version="1.0" encoding="UTF-8"?>
<!-- Generated by org.testng.reporters.JUnitReportReporter -->
<testsuite hostname="KSTQATester" failures="0" tests="2" name="com.ptdika.siloam.step_definitions.TestRunner" time="6.169" errors="0" timestamp="2022-09-14T18:46:40 WIB" skipped="0">
  <testcase classname="com.ptdika.siloam.step_definitions.TestRunner" name="runScenario" time="2.831"/>
  <system-out/>
  <testcase classname="com.ptdika.siloam.step_definitions.TestRunner" name="runScenario" time="3.338"/>
  <system-out/>
</testsuite> <!-- com.ptdika.siloam.step_definitions.TestRunner -->
